09:06:09: Creating resource group General
09:06:09: Creating resource group Internal
09:06:09: Creating resource group Autodetect
09:06:09: SceneManagerFactory for type 'DefaultSceneManager' registered.
09:06:09: Registering ResourceManager for type Material
09:06:09: Registering ResourceManager for type Mesh
09:06:09: Registering ResourceManager for type Skeleton
09:06:09: MovableObjectFactory for type 'ParticleSystem' registered.
09:06:09: ArchiveFactory for archive type FileSystem registered.
09:06:09: ArchiveFactory for archive type Zip registered.
09:06:09: ArchiveFactory for archive type EmbeddedZip registered.
09:06:09: DDS codec registering
09:06:09: FreeImage version: 3.15.3
09:06:09: This program uses FreeImage, a free, open source image library supporting all common bitmap formats. See http://freeimage.sourceforge.net for details
09:06:09: Supported formats: bmp,ico,jpg,jif,jpeg,jpe,jng,koa,iff,lbm,mng,pbm,pbm,pcd,pcx,pgm,pgm,png,ppm,ppm,ras,tga,targa,tif,tiff,wap,wbmp,wbm,psd,cut,xbm,xpm,gif,hdr,g3,sgi,exr,j2k,j2c,jp2,pfm,pct,pict,pic,3fr,arw,bay,bmq,cap,cine,cr2,crw,cs1,dc2,dcr,drf,dsc,dng,erf,fff,ia,iiq,k25,kc2,kdc,mdc,mef,mos,mrw,nef,nrw,orf,pef,ptx,pxn,qtk,raf,raw,rdc,rw2,rwl,rwz,sr2,srf,srw,sti
09:06:09: Registering ResourceManager for type HighLevelGpuProgram
09:06:09: Registering ResourceManager for type Compositor
09:06:09: MovableObjectFactory for type 'Entity' registered.
09:06:09: MovableObjectFactory for type 'Light' registered.
09:06:09: MovableObjectFactory for type 'BillboardSet' registered.
09:06:09: MovableObjectFactory for type 'ManualObject' registered.
09:06:09: MovableObjectFactory for type 'BillboardChain' registered.
09:06:09: MovableObjectFactory for type 'RibbonTrail' registered.
09:06:09: *-*-* OGRE Initialising
09:06:09: *-*-* Version 1.9.0 (Ghadamon)
09:06:09: OverlayElementFactory for type Panel registered.
09:06:09: OverlayElementFactory for type BorderPanel registered.
09:06:09: OverlayElementFactory for type TextArea registered.
09:06:09: Registering ResourceManager for type Font
09:06:09: Installing plugin: D3D9 RenderSystem
09:06:09: D3D9 : Direct3D9 Rendering Subsystem created.
09:06:10: D3D9: Driver Detection Starts
09:06:10: D3D9: Driver Detection Ends
09:06:10: Plugin successfully installed
09:06:10: Installing plugin: Cg Program Manager
09:06:10: Plugin successfully installed
09:06:10: Added resource location '../Media' of type 'FileSystem' to resource group 'General'
09:06:10: Added resource location '../Media/Fonts' of type 'FileSystem' to resource group 'General'
09:06:10: Added resource location '../Media/Meshes' of type 'FileSystem' to resource group 'General'
09:06:10: Added resource location '../Media/Meshes/Blocks' of type 'FileSystem' to resource group 'General'
09:06:10: Added resource location '../Media/Meshes/Debris' of type 'FileSystem' to resource group 'General'
09:06:10: Added resource location '../Media/Meshes/Deitates' of type 'FileSystem' to resource group 'General'
09:06:10: Added resource location '../Media/Meshes/Deitates/Argos' of type 'FileSystem' to resource group 'General'
09:06:10: Added resource location '../Media/Meshes/Deitates/Orion' of type 'FileSystem' to resource group 'General'
09:06:10: Added resource location '../Media/Meshes/Deitates/Squid' of type 'FileSystem' to resource group 'General'
09:06:10: Added resource location '../Media/Meshes/Deitates/Vermis' of type 'FileSystem' to resource group 'General'
09:06:10: Added resource location '../Media/Meshes/Fighters' of type 'FileSystem' to resource group 'General'
09:06:10: Added resource location '../Media/Meshes/Foes' of type 'FileSystem' to resource group 'General'
09:06:10: Added resource location '../Media/Meshes/Foes/Daimon' of type 'FileSystem' to resource group 'General'
09:06:10: Added resource location '../Media/Meshes/Foes/Drone' of type 'FileSystem' to resource group 'General'
09:06:10: Added resource location '../Media/Meshes/Foes/Ships' of type 'FileSystem' to resource group 'General'
09:06:10: Added resource location '../Media/Meshes/Foes/Turret' of type 'FileSystem' to resource group 'General'
09:06:10: Added resource location '../Media/Meshes/Gates' of type 'FileSystem' to resource group 'General'
09:06:10: Added resource location '../Media/Meshes/Icons' of type 'FileSystem' to resource group 'General'
09:06:10: Added resource location '../Media/Meshes/Items' of type 'FileSystem' to resource group 'General'
09:06:10: Added resource location '../Media/Meshes/Knockers' of type 'FileSystem' to resource group 'General'
09:06:10: Added resource location '../Media/Meshes/Main' of type 'FileSystem' to resource group 'General'
09:06:10: Added resource location '../Media/Meshes/Opening' of type 'FileSystem' to resource group 'General'
09:06:10: Added resource location '../Media/Meshes/Planets' of type 'FileSystem' to resource group 'General'
09:06:10: Added resource location '../Media/Meshes/Progress' of type 'FileSystem' to resource group 'General'
09:06:10: Added resource location '../Media/Meshes/Projectiles' of type 'FileSystem' to resource group 'General'
09:06:10: Added resource location '../Media/Meshes/Psychedelia' of type 'FileSystem' to resource group 'General'
09:06:10: Added resource location '../Media/Meshes/Selector' of type 'FileSystem' to resource group 'General'
09:06:10: Added resource location '../Media/Meshes/Shrines' of type 'FileSystem' to resource group 'General'
09:06:10: Added resource location '../Media/Meshes/Shrines/ShrineMaia' of type 'FileSystem' to resource group 'General'
09:06:10: Added resource location '../Media/Meshes/Shrines/Shrine0' of type 'FileSystem' to resource group 'General'
09:06:10: Added resource location '../Media/Meshes/Shrines/Shrine1' of type 'FileSystem' to resource group 'General'
09:06:10: Added resource location '../Media/Meshes/Ticker' of type 'FileSystem' to resource group 'General'
09:06:10: Added resource location '../Media/Meshes/Totems' of type 'FileSystem' to resource group 'General'
09:06:10: Added resource location '../Media/Meshes/Weapons' of type 'FileSystem' to resource group 'General'
09:06:10: Added resource location '../Media/Scripts' of type 'FileSystem' to resource group 'General'
09:06:10: Added resource location '../Media/Scripts/Cg' of type 'FileSystem' to resource group 'General'
09:06:10: Added resource location '../Media/Scripts/Compositor' of type 'FileSystem' to resource group 'General'
09:06:10: Added resource location '../Media/Scripts/Material' of type 'FileSystem' to resource group 'General'
09:06:10: Added resource location '../Media/Scripts/Program' of type 'FileSystem' to resource group 'General'
09:06:10: Added resource location '../Media/Textures' of type 'FileSystem' to resource group 'General'
09:06:10: Added resource location '../Media/Textures/Ads' of type 'FileSystem' to resource group 'General'
09:06:10: Added resource location '../Media/Textures/Backup' of type 'FileSystem' to resource group 'General'
09:06:10: Added resource location '../Media/Textures/Misc' of type 'FileSystem' to resource group 'General'
09:06:10: Added resource location '../Media/Textures/Planets' of type 'FileSystem' to resource group 'General'
09:06:10: Added resource location '../Media/Textures/SkyBoxes' of type 'FileSystem' to resource group 'General'
09:06:10: Added resource location '../Media/Textures/Shaders' of type 'FileSystem' to resource group 'General'
09:06:10: CPU Identifier & Features
09:06:10: -------------------------
09:06:10:  *   CPU ID: GenuineIntel: Intel(R) Core(TM) i7-9750H CPU @ 2.60GHz
09:06:10:  *      SSE: yes
09:06:10:  *     SSE2: yes
09:06:10:  *     SSE3: yes
09:06:10:  *      MMX: yes
09:06:10:  *   MMXEXT: yes
09:06:10:  *    3DNOW: no
09:06:10:  * 3DNOWEXT: no
09:06:10:  *     CMOV: yes
09:06:10:  *      TSC: yes
09:06:10:  *      FPU: yes
09:06:10:  *      PRO: yes
09:06:10:  *       HT: no
09:06:10: -------------------------
09:06:10: D3D9 : Subsystem Initialising
09:06:10: Registering ResourceManager for type Texture
09:06:10: Registering ResourceManager for type GpuProgram
09:06:10: ***************************************
09:06:10: *** D3D9 : Subsystem Initialised OK ***
09:06:10: ***************************************
09:06:10: D3D9RenderSystem::_createRenderWindow "KROMAIA V.1.05b", 1920x1080 fullscreen  miscParams: FSAA=0 colourDepth=32 depthBuffer=true left=0 monitorIndex=0 title=KROMAIA V.1.05b top=0 vsync=false 
09:06:10: D3D9 : Created D3D9 Rendering Window 'KROMAIA V.1.05b' : 1920x1080, 32bpp
09:06:11: D3D9: Vertex texture format supported - PF_A8R8G8B8
09:06:11: D3D9: Vertex texture format supported - PF_B8G8R8A8
09:06:11: D3D9: Vertex texture format supported - PF_FLOAT16_RGB
09:06:11: D3D9: Vertex texture format supported - PF_FLOAT16_RGBA
09:06:11: D3D9: Vertex texture format supported - PF_FLOAT32_RGB
09:06:11: D3D9: Vertex texture format supported - PF_FLOAT32_RGBA
09:06:11: D3D9: Vertex texture format supported - PF_R8G8B8A8
09:06:11: D3D9: Vertex texture format supported - PF_DEPTH
09:06:11: D3D9: Vertex texture format supported - PF_FLOAT16_R
09:06:11: D3D9: Vertex texture format supported - PF_FLOAT32_R
09:06:11: D3D9: Vertex texture format supported - PF_FLOAT16_GR
09:06:11: D3D9: Vertex texture format supported - PF_FLOAT32_GR
09:06:11: D3D9: Vertex texture format supported - PF_PVRTC_RGB2
09:06:11: D3D9: Vertex texture format supported - PF_PVRTC_RGBA2
09:06:11: D3D9: Vertex texture format supported - PF_PVRTC_RGB4
09:06:11: D3D9: Vertex texture format supported - PF_PVRTC_RGBA4
09:06:11: D3D9: Vertex texture format supported - PF_PVRTC2_2BPP
09:06:11: D3D9: Vertex texture format supported - PF_PVRTC2_4BPP
09:06:11: D3D9: Vertex texture format supported - PF_R11G11B10_FLOAT
09:06:11: D3D9: Vertex texture format supported - PF_R8_UINT
09:06:11: D3D9: Vertex texture format supported - PF_R8G8_UINT
09:06:11: D3D9: Vertex texture format supported - PF_R8G8B8_UINT
09:06:11: D3D9: Vertex texture format supported - PF_R8G8B8A8_UINT
09:06:11: D3D9: Vertex texture format supported - PF_R16_UINT
09:06:11: D3D9: Vertex texture format supported - PF_R16G16_UINT
09:06:11: D3D9: Vertex texture format supported - PF_R16G16B16_UINT
09:06:11: D3D9: Vertex texture format supported - PF_R16G16B16A16_UINT
09:06:11: D3D9: Vertex texture format supported - PF_R32_UINT
09:06:11: D3D9: Vertex texture format supported - PF_R32G32_UINT
09:06:11: D3D9: Vertex texture format supported - PF_R32G32B32_UINT
09:06:11: D3D9: Vertex texture format supported - PF_R32G32B32A32_UINT
09:06:11: D3D9: Vertex texture format supported - PF_R8_SINT
09:06:11: D3D9: Vertex texture format supported - PF_R8G8_SINT
09:06:11: D3D9: Vertex texture format supported - PF_R8G8B8_SINT
09:06:11: D3D9: Vertex texture format supported - PF_R8G8B8A8_SINT
09:06:11: D3D9: Vertex texture format supported - PF_R16_SINT
09:06:11: D3D9: Vertex texture format supported - PF_R16G16_SINT
09:06:11: D3D9: Vertex texture format supported - PF_R16G16B16_SINT
09:06:11: D3D9: Vertex texture format supported - PF_R16G16B16A16_SINT
09:06:11: D3D9: Vertex texture format supported - PF_R32_SINT
09:06:11: D3D9: Vertex texture format supported - PF_R32G32_SINT
09:06:11: D3D9: Vertex texture format supported - PF_R32G32B32_SINT
09:06:11: D3D9: Vertex texture format supported - PF_R32G32B32A32_SINT
09:06:11: D3D9: Vertex texture format supported - PF_R9G9B9E5_SHAREDEXP
09:06:11: D3D9: Vertex texture format supported - PF_BC4_UNORM
09:06:11: D3D9: Vertex texture format supported - PF_BC4_SNORM
09:06:11: D3D9: Vertex texture format supported - PF_BC5_UNORM
09:06:11: D3D9: Vertex texture format supported - PF_BC5_SNORM
09:06:11: D3D9: Vertex texture format supported - PF_BC6H_UF16
09:06:11: D3D9: Vertex texture format supported - PF_BC6H_SF16
09:06:11: D3D9: Vertex texture format supported - PF_BC7_UNORM
09:06:11: D3D9: Vertex texture format supported - PF_BC7_UNORM_SRGB
09:06:11: D3D9: Vertex texture format supported - PF_R8
09:06:11: D3D9: Vertex texture format supported - PF_RG8
09:06:11: D3D9: Vertex texture format supported - PF_R8_SNORM
09:06:11: D3D9: Vertex texture format supported - PF_R8G8_SNORM
09:06:11: D3D9: Vertex texture format supported - PF_R8G8B8_SNORM
09:06:11: D3D9: Vertex texture format supported - PF_R8G8B8A8_SNORM
09:06:11: D3D9: Vertex texture format supported - PF_R16_SNORM
09:06:11: D3D9: Vertex texture format supported - PF_R16G16_SNORM
09:06:11: D3D9: Vertex texture format supported - PF_R16G16B16_SNORM
09:06:11: D3D9: Vertex texture format supported - PF_R16G16B16A16_SNORM
09:06:11: D3D9: Vertex texture format supported - PF_ETC1_RGB8
09:06:11: D3D9: Vertex texture format supported - PF_ETC2_RGB8
09:06:11: D3D9: Vertex texture format supported - PF_ETC2_RGBA8
09:06:11: D3D9: Vertex texture format supported - PF_ETC2_RGB8A1
09:06:11: D3D9: Vertex texture format supported - PF_ATC_RGB
09:06:11: D3D9: Vertex texture format supported - PF_ATC_RGBA_EXPLICIT_ALPHA
09:06:11: D3D9: Vertex texture format supported - PF_ATC_RGBA_INTERPOLATED_ALPHA
09:06:11: RenderSystem capabilities
09:06:11: -------------------------
09:06:11: RenderSystem Name: Direct3D9 Rendering Subsystem
09:06:11: GPU Vendor: nvidia
09:06:11: Device Name: Monitor-1-NVIDIA GeForce GTX 1660 Ti
09:06:11: Driver Version: 27.21.14.5749
09:06:11:  * Fixed function pipeline: yes
09:06:11:  * Hardware generation of mipmaps: yes
09:06:11:  * Texture blending: yes
09:06:11:  * Anisotropic texture filtering: yes
09:06:11:  * Dot product texture operation: yes
09:06:11:  * Cube mapping: yes
09:06:11:  * Hardware stencil buffer: yes
09:06:11:    - Stencil depth: 8
09:06:11:    - Two sided stencil support: yes
09:06:11:    - Wrap stencil values: yes
09:06:11:  * Hardware vertex / index buffers: yes
09:06:11:  * Vertex programs: yes
09:06:11:  * Number of floating-point constants for vertex programs: 256
09:06:11:  * Number of integer constants for vertex programs: 16
09:06:11:  * Number of boolean constants for vertex programs: 16
09:06:11:  * Fragment programs: yes
09:06:11:  * Number of floating-point constants for fragment programs: 224
09:06:11:  * Number of integer constants for fragment programs: 16
09:06:11:  * Number of boolean constants for fragment programs: 16
09:06:11:  * Geometry programs: no
09:06:11:  * Number of floating-point constants for geometry programs: 0
09:06:11:  * Number of integer constants for geometry programs: 0
09:06:11:  * Number of boolean constants for geometry programs: 0
09:06:11:  * Tesselation Hull programs: no
09:06:11:  * Number of floating-point constants for tesselation hull programs: 0
09:06:11:  * Number of integer constants for tesselation hull programs: 0
09:06:11:  * Number of boolean constants for tesselation hull programs: 0
09:06:11:  * Tesselation Domain programs: no
09:06:11:  * Number of floating-point constants for tesselation domain programs: 0
09:06:11:  * Number of integer constants for tesselation domain programs: 0
09:06:11:  * Number of boolean constants for tesselation domain programs: 0
09:06:11:  * Compute programs: no
09:06:11:  * Number of floating-point constants for compute programs: 0
09:06:11:  * Number of integer constants for compute programs: 0
09:06:11:  * Number of boolean constants for compute programs: 0
09:06:11:  * Supported Shader Profiles: hlsl ps_1_1 ps_1_2 ps_1_3 ps_1_4 ps_2_0 ps_2_a ps_2_b ps_2_x ps_3_0 vs_1_1 vs_2_0 vs_2_a vs_2_x vs_3_0
09:06:11:  * Texture Compression: yes
09:06:11:    - DXT: yes
09:06:11:    - VTC: no
09:06:11:    - PVRTC: no
09:06:11:    - ATC: no
09:06:11:    - ETC1: no
09:06:11:    - ETC2: no
09:06:11:    - BC4/BC5: no
09:06:11:    - BC6H/BC7: no
09:06:11:  * Scissor Rectangle: yes
09:06:11:  * Hardware Occlusion Query: yes
09:06:11:  * User clip planes: yes
09:06:11:  * VET_UBYTE4 vertex element type: yes
09:06:11:  * Infinite far plane projection: yes
09:06:11:  * Hardware render-to-texture: yes
09:06:11:  * Floating point textures: yes
09:06:11:  * Non-power-of-two textures: yes
09:06:11:  * 1d textures: yes
09:06:11:  * Volume textures: yes
09:06:11:  * Multiple Render Targets: 4
09:06:11:    - With different bit depths: yes
09:06:11:  * Point Sprites: yes
09:06:11:  * Extended point parameters: yes
09:06:11:  * Max Point Size: 8192
09:06:11:  * Vertex texture fetch: yes
09:06:11:  * Number of world matrices: 0
09:06:11:  * Number of texture units: 8
09:06:11:  * Stencil buffer depth: 8
09:06:11:  * Number of vertex blend matrices: 0
09:06:11:    - Max vertex textures: 4
09:06:11:    - Vertex textures shared: no
09:06:11:  * Render to Vertex Buffer : no
09:06:11:  * Hardware Atomic Counters: no
09:06:11:  * DirectX per stage constants: yes
09:06:11: DefaultWorkQueue('Root') initialising on thread 58ac.
09:06:11: DefaultWorkQueue('Root')::WorkerFunc - thread 6cdc starting.
09:06:11: DefaultWorkQueue('Root')::WorkerFunc - thread 6e24 starting.
09:06:11: DefaultWorkQueue('Root')::WorkerFunc - thread 53d8 starting.
09:06:11: DefaultWorkQueue('Root')::WorkerFunc - thread 5f8c starting.
09:06:11: DefaultWorkQueue('Root')::WorkerFunc - thread 3098 starting.
09:06:11: DefaultWorkQueue('Root')::WorkerFunc - thread 6ccc starting.
09:06:11: Particle Renderer Type 'billboard' registered
09:06:11: DefaultWorkQueue('Root')::WorkerFunc - thread 2658 starting.
09:06:11: DefaultWorkQueue('Root')::WorkerFunc - thread 2030 starting.
09:06:11: DefaultWorkQueue('Root')::WorkerFunc - thread 5fe8 starting.
09:06:11: DefaultWorkQueue('Root')::WorkerFunc - thread 1494 starting.
09:06:11: DefaultWorkQueue('Root')::WorkerFunc - thread 5a4c starting.
09:06:11: DefaultWorkQueue('Root')::WorkerFunc - thread 19e0 starting.
09:06:11: Parsing scripts for resource group Autodetect
09:06:11: Finished parsing scripts for resource group Autodetect
09:06:11: Creating resources for group Autodetect
09:06:11: All done
09:06:11: Parsing scripts for resource group General
09:06:11: Parsing script bloom.program
09:06:11: Parsing script celshading.program
09:06:11: Parsing script glow0.program
09:06:11: Parsing script glow1.program
09:06:11: Parsing script glow2.program
09:06:11: Parsing script glow3.program
09:06:11: Parsing script motionblur.program
09:06:11: Parsing script radialblur.program
09:06:11: Parsing script redeye.program
09:06:11: Parsing script ribbonturbulence.program
09:06:11: Parsing script scanlines.program
09:06:11: Parsing script stdquad_vp.program
09:06:11: Parsing script tiling.program
09:06:11: Parsing script affectors.material
09:06:11: Parsing script asteroids.material
09:06:11: Parsing script bloom2.material
09:06:11: Parsing script default.material
09:06:11: Parsing script fighter.material
09:06:11: Parsing script interface.material
09:06:11: Parsing script kroma.material
09:06:11: Parsing script marble.material
09:06:11: Parsing script motionblur.material
09:06:11: Parsing script oldtv.material
09:06:11: Parsing script particles.material
09:06:11: Parsing script planets.material
09:06:11: Parsing script radialblur.material
09:06:11: Parsing script redeye.material
09:06:11: Parsing script soul.material
09:06:11: Parsing script structures.material
09:06:11: Parsing script tiling.material
09:06:11: Parsing script vital.material
09:06:11: Parsing script bloom.compositor
09:06:11: Parsing script glow0.compositor
09:06:11: Parsing script glow1.compositor
09:06:11: Parsing script glow2.compositor
09:06:11: Parsing script glow3.compositor
09:06:11: Parsing script glowandbloom.compositor
09:06:11: Parsing script glowsimple0.compositor
09:06:11: Parsing script glowsimple1.compositor
09:06:11: Parsing script glowsimple2.compositor
09:06:11: Parsing script glowsimple3.compositor
09:06:11: Parsing script motionblur.compositor
09:06:11: Parsing script oldtv.compositor
09:06:11: Parsing script radialblur.compositor
09:06:11: Parsing script redeye.compositor
09:06:11: Parsing script scanlines.compositor
09:06:11: Parsing script tiling.compositor
09:06:11: Parsing script Koine.fontdef
09:06:11: Parsing script Latin.fontdef
09:06:11: Parsing script MultiLanguage.fontdef
09:06:11: Parsing script UserName.fontdef
09:06:11: Finished parsing scripts for resource group General
09:06:11: Creating resources for group General
09:06:11: All done
09:06:11: Parsing scripts for resource group Internal
09:06:11: Finished parsing scripts for resource group Internal
09:06:11: Creating resources for group Internal
09:06:11: All done
09:06:11: Texture: KLogoDynamicTexture: Loading 1 faces(PF_A8R8G8B8,512x512x1) Internal format is PF_A8R8G8B8,512x512x1.
09:06:11: Texture: TechLogoDynamicTexture: Loading 1 faces(PF_A8R8G8B8,512x512x1) Internal format is PF_A8R8G8B8,512x512x1.
09:06:11: Texture: PartnerLogoDynamicTexture: Loading 1 faces(PF_A8R8G8B8,512x512x1) Internal format is PF_A8R8G8B8,512x512x1.
09:06:11: Texture: translucent.png: Loading 1 faces(PF_A8R8G8B8,8x8x1) Internal format is PF_A8R8G8B8,8x8x1.
09:06:11: Mesh: Loading spiral.mesh.
09:06:11: Mesh: Loading gear0.mesh.
09:06:11: Texture: KromaiaFixed32.png: Loading 1 faces(PF_A8R8G8B8,512x512x1) with 0 generated mipmaps from Image. Internal format is PF_A8R8G8B8,512x512x1.
09:06:11: Font MultiLanguage using texture size 512x256
09:06:11: Info: Freetype returned null for character 32 in font MultiLanguage
09:06:11: Texture: MultiLanguageTexture: Loading 1 faces(PF_BYTE_LA,512x256x1) with 0 generated mipmaps from Image. Internal format is PF_BYTE_LA,512x256x1.
09:06:11: Texture: KoineFixed32.png: Loading 1 faces(PF_A8R8G8B8,512x512x1) with 0 generated mipmaps from Image. Internal format is PF_A8R8G8B8,512x512x1.
09:06:11: Font UserName using texture size 1024x512
09:06:11: Info: Freetype returned null for character 32 in font UserName
09:06:11: Texture: UserNameTexture: Loading 1 faces(PF_BYTE_LA,1024x512x1) with 0 generated mipmaps from Image. Internal format is PF_BYTE_LA,1024x512x1.
09:06:11: Texture: ribbonband.png: Loading 1 faces(PF_R8G8B8,128x1x1) Internal format is PF_X8R8G8B8,128x1x1.
09:06:11: Texture: MLogoDynamicTexture: Loading 1 faces(PF_A8R8G8B8,128x64x1) Internal format is PF_A8R8G8B8,128x64x1.
09:06:11: Texture: Glyph1DynamicTexture: Loading 1 faces(PF_A8R8G8B8,64x16x1) Internal format is PF_A8R8G8B8,64x16x1.
09:06:11: Texture: Glyph3DynamicTexture: Loading 1 faces(PF_A8R8G8B8,64x16x1) Internal format is PF_A8R8G8B8,64x16x1.
09:06:11: Texture: SelectionGlyphDynamicTexture: Loading 1 faces(PF_A8R8G8B8,64x128x1) Internal format is PF_A8R8G8B8,64x128x1.
09:06:11: Texture: QuickStartDynamicTexture: Loading 1 faces(PF_A8R8G8B8,512x512x1) Internal format is PF_A8R8G8B8,512x512x1.
09:06:11: Texture: QRMakersDynamicTexture: Loading 1 faces(PF_A8R8G8B8,62x62x1) with 5 generated mipmaps from Image. Internal format is PF_A8R8G8B8,62x62x1.
09:06:11: Texture: Slot_0_Backup_0.png: Loading 1 faces(PF_R8G8B8,240x135x1) with 5 generated mipmaps from Image. Internal format is PF_X8R8G8B8,240x135x1.
09:06:11: Texture: Slot_0_Backup_1.png: Loading 1 faces(PF_R8G8B8,16x16x1) Internal format is PF_X8R8G8B8,16x16x1.
09:06:11: Texture: Slot_0_Backup_2.png: Loading 1 faces(PF_R8G8B8,16x16x1) Internal format is PF_X8R8G8B8,16x16x1.
09:06:11: Texture: Slot_1_Backup_0.png: Loading 1 faces(PF_R8G8B8,240x135x1) with 5 generated mipmaps from Image. Internal format is PF_X8R8G8B8,240x135x1.
09:06:11: Texture: Slot_1_Backup_1.png: Loading 1 faces(PF_R8G8B8,240x135x1) with 5 generated mipmaps from Image. Internal format is PF_X8R8G8B8,240x135x1.
09:06:11: Texture: Slot_1_Backup_2.png: Loading 1 faces(PF_R8G8B8,240x135x1) with 5 generated mipmaps from Image. Internal format is PF_X8R8G8B8,240x135x1.
09:06:11: Texture: Slot_2_Backup_0.png: Loading 1 faces(PF_R8G8B8,16x16x1) Internal format is PF_X8R8G8B8,16x16x1.
09:06:11: Texture: Slot_2_Backup_1.png: Loading 1 faces(PF_R8G8B8,16x16x1) Internal format is PF_X8R8G8B8,16x16x1.
09:06:11: Texture: Slot_2_Backup_2.png: Loading 1 faces(PF_R8G8B8,16x16x1) Internal format is PF_X8R8G8B8,16x16x1.
09:06:11: Texture: Slot_3_Backup_0.png: Loading 1 faces(PF_R8G8B8,16x16x1) Internal format is PF_X8R8G8B8,16x16x1.
09:06:11: Texture: Slot_3_Backup_1.png: Loading 1 faces(PF_R8G8B8,16x16x1) Internal format is PF_X8R8G8B8,16x16x1.
09:06:11: Texture: Slot_3_Backup_2.png: Loading 1 faces(PF_R8G8B8,16x16x1) Internal format is PF_X8R8G8B8,16x16x1.
09:06:11: Font MultiLanguage using texture size 2048x1024
09:06:11: Info: Freetype returned null for character 32 in font MultiLanguage
09:06:11: Texture: MultiLanguageTexture: Loading 1 faces(PF_BYTE_LA,2048x1024x1) with 0 generated mipmaps from Image. Internal format is PF_BYTE_LA,2048x1024x1.
09:06:11: Font MultiLanguage using texture size 2048x1024
09:06:11: Info: Freetype returned null for character 32 in font MultiLanguage
09:06:11: Texture: MultiLanguageTexture: Loading 1 faces(PF_BYTE_LA,2048x1024x1) with 0 generated mipmaps from Image. Internal format is PF_BYTE_LA,2048x1024x1.
09:06:11: Font MultiLanguage using texture size 4096x2048
09:06:11: Info: Freetype returned null for character 32 in font MultiLanguage
09:06:11: Texture: MultiLanguageTexture: Loading 1 faces(PF_BYTE_LA,4096x2048x1) with 0 generated mipmaps from Image. Internal format is PF_BYTE_LA,4096x2048x1.
09:06:11: Font MultiLanguage using texture size 4096x2048
09:06:11: Info: Freetype returned null for character 32 in font MultiLanguage
09:06:11: Info: Freetype returned null for character 160 in font MultiLanguage
09:06:11: Texture: MultiLanguageTexture: Loading 1 faces(PF_BYTE_LA,4096x2048x1) with 0 generated mipmaps from Image. Internal format is PF_BYTE_LA,4096x2048x1.
09:06:14: Mesh: Loading lightcolumn.mesh.
09:06:14: Texture: lightcolumn.png: Loading 1 faces(PF_A8R8G8B8,512x512x1) Internal format is PF_A8R8G8B8,512x512x1.
09:06:14: Mesh: Loading lightsubcolumn.mesh.
09:06:14: Mesh: Loading tourglobe.mesh.
09:06:14: Mesh: Loading tourframe.mesh.
09:06:14: Mesh: Loading tourcursor.mesh.
09:06:14: Mesh: Loading tourgate.mesh.
09:06:14: Mesh: Loading grid6x2.mesh.
09:06:14: Mesh: Loading grays.mesh.
09:06:14: Mesh: Loading hudmessage.mesh.
09:06:14: Mesh: Loading ilios.mesh.
09:06:14: Mesh: Loading corona.mesh.
09:06:14: Mesh: Loading suncortex.mesh.
09:06:14: Texture: ilios.png: Loading 1 faces(PF_A8R8G8B8,2048x2048x1) Internal format is PF_A8R8G8B8,2048x2048x1.
09:06:14: Mesh: Loading ermis.mesh.
09:06:14: Texture: ermis.png: Loading 1 faces(PF_A8R8G8B8,2048x2048x1) Internal format is PF_A8R8G8B8,2048x2048x1.
09:06:14: Mesh: Loading afrodhiti.mesh.
09:06:14: Texture: afrodhiti.png: Loading 1 faces(PF_A8R8G8B8,512x512x1) Internal format is PF_A8R8G8B8,512x512x1.
09:06:14: Mesh: Loading gaia.mesh.
09:06:14: Texture: gaia.png: Loading 1 faces(PF_A8R8G8B8,2048x2048x1) Internal format is PF_A8R8G8B8,2048x2048x1.
09:06:14: Mesh: Loading aris.mesh.
09:06:14: Texture: aris.png: Loading 1 faces(PF_A8R8G8B8,2048x2048x1) Internal format is PF_A8R8G8B8,2048x2048x1.
09:06:14: Mesh: Loading zeus.mesh.
09:06:14: Texture: zeus.png: Loading 1 faces(PF_A8R8G8B8,2048x2048x1) Internal format is PF_A8R8G8B8,2048x2048x1.
09:06:14: Mesh: Loading kronos.mesh.
09:06:14: Texture: kronos.png: Loading 1 faces(PF_A8R8G8B8,2048x2048x1) Internal format is PF_A8R8G8B8,2048x2048x1.
09:06:14: Mesh: Loading ouranos.mesh.
09:06:14: Texture: ouranos.png: Loading 1 faces(PF_A8R8G8B8,2048x2048x1) Internal format is PF_A8R8G8B8,2048x2048x1.
09:06:14: Mesh: Loading poseidhonas.mesh.
09:06:14: Texture: poseidhonas.png: Loading 1 faces(PF_A8R8G8B8,2048x2048x1) Internal format is PF_A8R8G8B8,2048x2048x1.
09:06:14: Mesh: Loading door1.mesh.
09:06:14: Mesh: Loading frame1.mesh.
09:06:14: Mesh: Loading marker1.mesh.
09:06:14: Mesh: Loading door1inverse.mesh.
09:06:14: Mesh: Loading tourroute.mesh.
09:06:14: Mesh: Loading seal1.mesh.
09:06:14: Mesh: Loading atrium_II_2.mesh.
09:06:14: Mesh: Loading atrium_II_1.mesh.
09:06:14: Mesh: Loading itemcommonsphere.mesh.
09:06:14: Mesh: Loading item13core.mesh.
09:06:14: Mesh: Loading flake.mesh.
09:06:14: Mesh: Loading atrium_III_0.mesh.
09:06:14: Mesh: Loading toichos_II_5.mesh.
09:06:14: Mesh: Loading toichos_II_1.mesh.
09:06:14: Mesh: Loading toichos_II_4.mesh.
09:06:14: Mesh: Loading toichos_II_3.mesh.
09:06:14: Mesh: Loading toichos_II_2.mesh.
09:06:14: Mesh: Loading toichos_II_0.mesh.
09:06:14: Mesh: Loading blocksolar.mesh.
09:06:14: Texture: darkmetalsphere.png: Loading 1 faces(PF_A8R8G8B8,128x128x1) Internal format is PF_A8R8G8B8,128x128x1.
09:06:14: Mesh: Loading blocknormal.mesh.
09:06:14: Texture: whitemetalsphere.png: Loading 1 faces(PF_A8R8G8B8,128x128x1) Internal format is PF_A8R8G8B8,128x128x1.
09:06:14: Mesh: Loading bustum_I_0.mesh.
09:06:14: Texture: metalsphere.png: Loading 1 faces(PF_A8R8G8B8,128x128x1) Internal format is PF_A8R8G8B8,128x128x1.
09:06:14: Mesh: Loading bustum_I_1.mesh.
09:06:14: Mesh: Loading atrium_II_0.mesh.
09:06:15: Mesh: Loading atrium_II_3.mesh.
09:06:15: Mesh: Loading chamber_I_0.mesh.
09:06:15: Mesh: Loading chamber_I_3.mesh.
09:06:15: Mesh: Loading chamber_I_4.mesh.
09:06:15: Mesh: Loading chamber_I_5.mesh.
09:06:15: Mesh: Loading chamber_I_6.mesh.
09:06:15: Mesh: Loading chamber_I_7.mesh.
09:06:15: Mesh: Loading chamber_I_8.mesh.
09:06:15: Mesh: Loading chamber_I_9.mesh.
09:06:15: Mesh: Loading chamber_I_10.mesh.
09:06:15: Mesh: Loading chamber_I_11.mesh.
09:06:15: Mesh: Loading chamber_I_12.mesh.
09:06:15: Mesh: Loading chamber_I_13.mesh.
09:06:15: Mesh: Loading chamber_I_14.mesh.
09:06:15: Mesh: Loading chamber_I_15.mesh.
09:06:15: Mesh: Loading chamber_I_1.mesh.
09:06:15: Mesh: Loading chamber_I_2.mesh.
09:06:15: Mesh: Loading switchbox_II_0.mesh.
09:06:15: Texture: plasticsphere.png: Loading 1 faces(PF_A8R8G8B8,128x128x1) Internal format is PF_A8R8G8B8,128x128x1.
09:06:15: Mesh: Loading switchbox_II_1.mesh.
09:06:15: Mesh: Loading altar_I_0.mesh.
09:06:15: Mesh: Loading dungeon_I_2.mesh.
09:06:15: Mesh: Loading dungeon_I_0.mesh.
09:06:15: Mesh: Loading dungeon_I_1.mesh.
09:06:15: Mesh: Loading door0.mesh.
09:06:15: Mesh: Loading frame0.mesh.
09:06:15: Mesh: Loading marker0.mesh.
09:06:15: Mesh: Loading seal0.mesh.
09:06:15: Mesh: Loading capsule_I_0.mesh.
09:06:15: Mesh: Loading capsule_II_0.mesh.
09:06:15: Mesh: Loading capsule_II_1.mesh.
09:06:15: Mesh: Loading capsule_II_2.mesh.
09:06:15: Mesh: Loading capsule_II_3.mesh.
09:06:15: Mesh: Loading capsule_II_4.mesh.
09:06:15: Mesh: Loading capsule_II_5.mesh.
09:06:15: Mesh: Loading box_IV_2.mesh.
09:06:15: Mesh: Loading box_IV_0.mesh.
09:06:15: Mesh: Loading box_IV_1.mesh.
09:06:15: Mesh: Loading pendulus_I_0.mesh.
09:06:15: Mesh: Loading pendulus_I_1.mesh.
09:06:15: Mesh: Loading pendulus_I_2.mesh.
09:06:15: Mesh: Loading pendulus_I_3.mesh.
09:06:15: Mesh: Loading switchbox_I_0.mesh.
09:06:15: Mesh: Loading switchbox_I_1.mesh.
09:06:15: Mesh: Loading switchbox_I_2.mesh.
09:06:15: Mesh: Loading dungeon_I_4.mesh.
09:06:15: Mesh: Loading dungeon_I_3.mesh.
09:06:15: Mesh: Loading oracle0.mesh.
09:06:15: Mesh: Loading oracle0l0.mesh.
09:06:15: Mesh: Loading oracle0l1.mesh.
09:06:15: Mesh: Loading oracle0l2.mesh.
09:06:15: Mesh: Loading oracle0l3.mesh.
09:06:15: Mesh: Loading oracle0l4.mesh.
09:06:15: Mesh: Loading oracle0l5.mesh.
09:06:15: Mesh: Loading oracle_I_1.mesh.
09:06:15: Mesh: Loading keybox_I_0.mesh.
09:06:15: Mesh: Loading toichos_I_0.mesh.
09:06:15: Mesh: Loading turret_II_0.mesh.
09:06:15: Mesh: Loading toichos_I_1.mesh.
09:06:15: Mesh: Loading toichos_I_2.mesh.
09:06:15: Mesh: Loading toichos_I_3_0.mesh.
09:06:15: Mesh: Loading columnata1.mesh.
09:06:16: Mesh: Loading pyrgos_I_0.mesh.
09:06:16: Mesh: Loading pyrgos_I_1.mesh.
09:06:16: Mesh: Loading pyrgos_I_2.mesh.
09:06:16: Mesh: Loading pyrgos_I_3.mesh.
09:06:16: Mesh: Loading pyrgos_I_4.mesh.
09:06:16: Mesh: Loading arm_I_0_b.mesh.
09:06:16: Mesh: Loading arm_I_1.mesh.
09:06:16: Mesh: Loading arm_I_2.mesh.
09:06:16: Mesh: Loading arm_I_3.mesh.
09:06:16: Mesh: Loading arm_I_4.mesh.
09:06:16: Mesh: Loading arm_I_5.mesh.
09:06:16: Mesh: Loading arm_I_6.mesh.
09:06:16: Mesh: Loading arm_I_7.mesh.
09:06:16: Mesh: Loading arm_I_8.mesh.
09:06:16: Mesh: Loading arm_I_9.mesh.
09:06:16: Mesh: Loading arm_I_10.mesh.
09:06:16: Mesh: Loading shrine0core.mesh.
09:06:16: Mesh: Loading item6core.mesh.
09:06:16: Mesh: Loading item6orbit0.mesh.
09:06:16: Mesh: Loading item6orbit1.mesh.
09:06:16: Mesh: Loading item6orbit2.mesh.
09:06:16: Mesh: Loading hudbonusring1.mesh.
09:06:16: Mesh: Loading vermis0-1.mesh.
09:06:16: Mesh: Loading vermis1-1.mesh.
09:06:16: Mesh: Loading vermis2-1.mesh.
09:06:16: Mesh: Loading vermis3-1.mesh.
09:06:16: Mesh: Loading vermis7-1.mesh.
09:06:16: Mesh: Loading vermis10-0.mesh.
09:06:16: Mesh: Loading vermis10-1.mesh.
09:06:16: Mesh: Loading vermis10-2.mesh.
09:06:16: Mesh: Loading vermis10-4.mesh.
09:06:16: Mesh: Loading vermis10-5.mesh.
09:06:16: Mesh: Loading vermis10-6.mesh.
09:06:16: Mesh: Loading vermis9-0.mesh.
09:06:16: Mesh: Loading vermis9-4.mesh.
09:06:16: Mesh: Loading vermis9-5.mesh.
09:06:16: Mesh: Loading vermis9-6.mesh.
09:06:16: Mesh: Loading vermis9-7.mesh.
09:06:16: Mesh: Loading vermis5-1.mesh.
09:06:16: Mesh: Loading vitalcore.mesh.
09:06:16: Mesh: Loading shotgun_II_0.mesh.
09:06:16: Mesh: Loading daimon_IX_0.mesh.
09:06:16: Mesh: Loading daimon_IX_1.mesh.
09:06:16: Mesh: Loading daimon_IX_2.mesh.
09:06:16: Mesh: Loading daimon_XIII_0.mesh.
09:06:16: Mesh: Loading drone_I_1.mesh.
09:06:16: Mesh: Loading drone_I_2.mesh.
09:06:16: Mesh: Loading drone_I_3.mesh.
09:06:16: Mesh: Loading ichthyos_I_1.mesh.
09:06:16: Mesh: Loading ichthyos_I_0.mesh.
09:06:16: Mesh: Loading ichthyos_I_2.mesh.
09:06:16: Mesh: Loading ichthyos_I_3.mesh.
09:06:16: Mesh: Loading ichthyos_I_4.mesh.
09:06:16: Mesh: Loading ichthyos_I_5.mesh.
09:06:16: Mesh: Loading drone_I_0.mesh.
09:06:16: Mesh: Loading drone_I_4.mesh.
09:06:16: Mesh: Loading drone_II_0.mesh.
09:06:16: Mesh: Loading drone_II_1.mesh.
09:06:16: Mesh: Loading drone_II_2.mesh.
09:06:16: Mesh: Loading trailer_I_1.mesh.
09:06:16: Mesh: Loading trailer_I_2.mesh.
09:06:16: Mesh: Loading turret_III_0.mesh.
09:06:16: Mesh: Loading daimon_X_0.mesh.
09:06:16: Mesh: Loading daimon_X_1.mesh.
09:06:16: Mesh: Loading daimon_X_2.mesh.
09:06:16: Mesh: Loading daimon_X_3.mesh.
09:06:16: Mesh: Loading daimon_VIII_0.mesh.
09:06:16: Mesh: Loading daimon_VIII_1.mesh.
09:06:16: Mesh: Loading omega.mesh.
09:06:16: Mesh: Loading omega1.mesh.
09:06:16: Mesh: Loading omegaweapon1.mesh.
09:06:16: Mesh: Loading omegareactor.mesh.
09:06:17: Mesh: Loading omegaweapon0.mesh.
09:06:17: Mesh: Loading alpha.mesh.
09:06:17: Mesh: Loading propeller.mesh.
09:06:17: Mesh: Loading boostcharge.mesh.
09:06:17: Mesh: Loading alphareactor.mesh.
09:06:17: Mesh: Loading healring.mesh.
09:06:17: Mesh: Loading alphaweapon0.mesh.
09:06:17: Mesh: Loading alphaweapon2.mesh.
09:06:17: Mesh: Loading alphaweapon1.mesh.
09:06:17: Mesh: Loading hook0.mesh.
09:06:17: Mesh: Loading hook2.mesh.
09:06:17: Mesh: Loading hook1.mesh.
09:06:17: Mesh: Loading compasspointer.mesh.
09:06:17: Mesh: Loading compasscrosshair3.mesh.
09:06:17: Mesh: Loading compasscrosshair4.mesh.
09:06:17: Mesh: Loading compasscrosshair2.mesh.
09:06:17: Mesh: Loading compasscross.mesh.
09:06:17: Mesh: Loading compassrhombus.mesh.
09:06:17: Mesh: Loading compasslock.mesh.
09:06:17: Mesh: Loading compassparticle.mesh.
09:06:17: Mesh: Loading foepointer.mesh.
09:06:17: Mesh: Loading gaugering.mesh.
09:06:17: Mesh: Loading gaugearrow.mesh.
09:06:17: Mesh: Loading gaugeclip.mesh.
09:06:17: Mesh: Loading bubble.mesh.
09:06:17: Mesh: Loading mu.mesh.
09:06:17: Mesh: Loading mureactor.mesh.
09:06:17: Mesh: Loading muweapon0.mesh.
09:06:17: Mesh: Loading muweapon1.mesh.
09:06:17: Mesh: Loading muweapon2.mesh.
09:06:17: Mesh: Loading sphericalspark.mesh.
09:06:17: Mesh: Loading itemring.mesh.
09:06:17: Mesh: Loading muweapon3.mesh.
09:06:17: Mesh: Loading muweapon4.mesh.
09:06:17: Mesh: Loading tau.mesh.
09:06:17: Mesh: Loading taureactor.mesh.
09:06:17: Mesh: Loading tauweapon0.mesh.
09:06:17: Mesh: Loading tauweapon1.mesh.
09:06:17: Mesh: Loading tauweapon2.mesh.
09:06:17: Mesh: Loading tauweapon3.mesh.
09:06:17: Mesh: Loading tauweapon4.mesh.
09:06:17: Mesh: Loading psi.mesh.
09:06:17: Mesh: Loading psireactor.mesh.
09:06:17: Mesh: Loading psiweapon0.mesh.
09:06:17: Mesh: Loading psiweapon1.mesh.
09:06:17: Mesh: Loading psiweapon2.mesh.
09:06:17: Mesh: Loading psiweapon3.mesh.
09:06:17: Mesh: Loading psiweapon4.mesh.
09:06:17: Mesh: Loading psiweapon5.mesh.
09:06:17: Mesh: Loading psiweapon6.mesh.
09:06:17: Mesh: Loading psiweapon7.mesh.
09:06:17: Mesh: Loading psiweapon8.mesh.
09:06:17: Mesh: Loading psiweapon9.mesh.
09:06:17: Mesh: Loading hudstun.mesh.
09:06:17: Mesh: Loading hudfocus.mesh.
09:06:17: Mesh: Loading ouranos0.mesh.
09:06:17: Mesh: Loading ouranos1.mesh.
09:06:17: Mesh: Loading ouranos2.mesh.
09:06:17: Mesh: Loading item5core.mesh.
09:06:17: Mesh: Loading item5orbit.mesh.
09:06:17: Mesh: Loading itemcommoncubechrome.mesh.
09:06:17: Mesh: Loading item10core.mesh.
09:06:17: Mesh: Loading item10orbit0.mesh.
09:06:17: Mesh: Loading item10orbit1.mesh.
09:06:17: Mesh: Loading item11standalone.mesh.
09:06:17: Mesh: Loading item7core.mesh.
09:06:17: Mesh: Loading item9.mesh.
09:06:17: Mesh: Loading hudgasring.mesh.
09:06:18: Mesh: Loading gasstream.mesh.
09:06:18: Mesh: Loading item8.mesh.
09:06:18: Mesh: Loading item15core.mesh.
09:06:18: Mesh: Loading item16.mesh.
09:06:18: Mesh: Loading item12.mesh.
09:06:18: Mesh: Loading item12orbit0.mesh.
09:06:18: Mesh: Loading projectile2.mesh.
09:06:18: Mesh: Loading projectile6.mesh.
09:06:18: Mesh: Loading projectile6l0.mesh.
09:06:18: Mesh: Loading projectile3.mesh.
09:06:18: Mesh: Loading projectile3l0.mesh.
09:06:18: Mesh: Loading projectile3l1.mesh.
09:06:18: Mesh: Loading projectile3l2.mesh.
09:06:18: Mesh: Loading flame_I_0.mesh.
09:06:18: Mesh: Loading projectile12_0.mesh.
09:06:18: Mesh: Loading projectile12_1.mesh.
09:06:18: Mesh: Loading spathi.mesh.
09:06:18: Mesh: Loading spathi0.mesh.
09:06:18: Mesh: Loading spathi1.mesh.
09:06:18: Mesh: Loading blade0.mesh.
09:06:18: Mesh: Loading blade1.mesh.
09:06:18: Mesh: Loading blade2.mesh.
09:06:18: Mesh: Loading blade3.mesh.
09:06:18: Mesh: Loading blade4.mesh.
09:06:18: Mesh: Loading blade51.mesh.
09:06:18: Mesh: Loading projectile7.mesh.
09:06:18: Mesh: Loading projectile7l0.mesh.
09:06:18: Mesh: Loading projectile5.mesh.
09:06:18: Mesh: Loading projectile0.mesh.
09:06:18: Mesh: Loading projectile1.mesh.
09:06:18: Mesh: Loading rocket_I_0.mesh.
09:06:18: Mesh: Loading shockwave.mesh.
09:06:18: Mesh: Loading radialspark.mesh.
09:06:18: Mesh: Loading dustring.mesh.
09:06:18: Mesh: Loading shotgunring.mesh.
09:06:18: Mesh: Loading flame_I_1.mesh.
09:06:18: Mesh: Loading moderesume.mesh.
09:06:18: Mesh: Loading modecontrols.mesh.
09:06:18: Mesh: Loading modeexit.mesh.
09:06:18: Mesh: Loading cursorleft.mesh.
09:06:18: Mesh: Loading cursorright.mesh.
09:06:18: Mesh: Loading gear1.mesh.
09:06:18: Mesh: Loading gear2.mesh.
09:06:18: Mesh: Loading gear3.mesh.
09:06:18: Mesh: Loading selectorbox.mesh.
09:06:18: Mesh: Loading hit0-1.mesh.
09:06:18: Mesh: Loading hit0-2.mesh.
09:06:18: Mesh: Loading hit1-1.mesh.
09:06:18: Mesh: Loading hit1-2.mesh.
09:06:18: Mesh: Loading hit2-1.mesh.
09:06:18: Mesh: Loading hit2-2.mesh.
09:06:18: Mesh: Loading hitaxis.mesh.
09:06:18: Mesh: Loading aspisspark0.mesh.
09:06:18: Mesh: Loading aspisspark1.mesh.
09:06:18: Mesh: Loading aspisspark2.mesh.
09:06:18: Mesh: Loading aspisspark3.mesh.
09:06:18: Mesh: Loading sparkball0.mesh.
09:06:18: Mesh: Loading armouricon.mesh.
09:06:19: Mesh: Loading armourring.mesh.
09:06:19: Mesh: Loading armoursphere.mesh.
09:06:19: Mesh: Loading pad1.mesh.
09:06:19: Mesh: Loading pad2.mesh.
09:06:19: Mesh: Loading fpfrontend.mesh.
09:06:19: Mesh: Loading spiritbody.mesh.
09:06:19: Mesh: Loading spiritleft.mesh.
09:06:19: Mesh: Loading spiritright.mesh.
09:06:19: Mesh: Loading spirithair0.mesh.
09:06:19: Mesh: Loading warningring0.mesh.
09:06:19: Mesh: Loading warningring1.mesh.
09:06:19: Mesh: Loading warningring2.mesh.
09:06:19: Mesh: Loading warningring3.mesh.
09:06:19: Mesh: Loading hudspiralray.mesh.
09:06:19: Mesh: Loading orbit0.mesh.
09:06:19: Mesh: Loading orbit1.mesh.
09:06:19: Mesh: Loading orbit2.mesh.
09:06:19: Mesh: Loading orbit3.mesh.
09:06:19: Mesh: Loading orbit4.mesh.
09:06:19: Mesh: Loading orbit5.mesh.
09:06:19: Mesh: Loading orbit6.mesh.
09:06:19: Mesh: Loading orbit7.mesh.
09:06:19: Mesh: Loading orbit8.mesh.
09:06:19: Mesh: Loading orbit9.mesh.
09:06:19: Mesh: Loading orbit10.mesh.
09:06:19: Mesh: Loading orbit11.mesh.
09:06:19: Mesh: Loading orbit12.mesh.
09:06:19: Mesh: Loading orbit13.mesh.
09:06:19: Mesh: Loading orbit14.mesh.
09:06:19: Mesh: Loading orbit15.mesh.
09:06:19: Mesh: Loading orbit16.mesh.
09:06:19: Mesh: Loading orbit17.mesh.
09:06:19: Mesh: Loading orbit18.mesh.
09:06:19: Mesh: Loading orbit19.mesh.
09:06:19: Mesh: Loading orbit20.mesh.
09:06:19: Mesh: Loading suborbit0.mesh.
09:06:19: Mesh: Loading suborbit1.mesh.
09:06:19: Mesh: Loading suborbit2.mesh.
09:06:19: Mesh: Loading suborbit3.mesh.
09:06:19: Mesh: Loading suborbit4.mesh.
09:06:19: Mesh: Loading suborbit5.mesh.
09:06:19: Mesh: Loading suborbit6.mesh.
09:06:19: Mesh: Loading suborbit7.mesh.
09:06:19: Mesh: Loading suborbit8.mesh.
09:06:19: Mesh: Loading suborbit9.mesh.
09:06:19: Mesh: Loading suborbit10.mesh.
09:06:19: Mesh: Loading suborbit11.mesh.
09:06:19: Mesh: Loading suborbit12.mesh.
09:06:19: Mesh: Loading suborbit13.mesh.
09:06:19: Mesh: Loading suborbit14.mesh.
09:06:19: Mesh: Loading suborbit15.mesh.
09:06:19: Mesh: Loading suborbit16.mesh.
09:06:19: Mesh: Loading suborbit17.mesh.
09:06:19: Mesh: Loading suborbit18.mesh.
09:06:19: Mesh: Loading suborbit19.mesh.
09:06:19: Mesh: Loading suborbit20.mesh.
09:06:19: Mesh: Loading suborbit21.mesh.
09:06:19: Mesh: Loading suborbit22.mesh.
09:06:19: Mesh: Loading suborbit23.mesh.
09:06:19: Mesh: Loading suborbit24.mesh.
09:06:19: Mesh: Loading hudgeodome.mesh.
09:06:19: Mesh: Loading hudbossarrow.mesh.
09:06:19: Mesh: Loading hudcompassring.mesh.
09:06:19: Mesh: Loading hudaxis.mesh.
09:06:19: Mesh: Loading hudcompassarrow.mesh.
09:06:19: Mesh: Loading hudbonusring0.mesh.
09:06:19: Mesh: Loading hudbonusring2.mesh.
09:06:19: Mesh: Loading hudbonussquare0.mesh.
09:06:19: Mesh: Loading hudbonussquare1.mesh.
09:06:19: Mesh: Loading hudsave.mesh.
09:06:19: Mesh: Loading hudpropeller.mesh.
09:06:19: Mesh: Loading hudbar.mesh.
09:06:19: Mesh: Loading hudmissile.mesh.
09:06:19: Mesh: Loading hudlaser.mesh.
09:06:19: Mesh: Loading hudshotgun.mesh.
09:06:19: Mesh: Loading hudstorm.mesh.
09:06:19: Mesh: Loading hudomega.mesh.
09:06:19: Mesh: Loading hudgemini.mesh.
09:06:19: Mesh: Loading iconfastforward.mesh.
09:06:19: Mesh: Loading solarfilter.mesh.
09:06:19: Mesh: Loading mapunit.mesh.
09:06:19: Mesh: Loading maplocation.mesh.
09:06:19: Mesh: Loading maproute.mesh.
09:06:19: Mesh: Loading mapsun.mesh.
09:06:19: Mesh: Loading tickerbottom.mesh.
09:06:19: Mesh: Loading tickertop.mesh.
09:06:19: Mesh: Loading tickerleftarrow.mesh.
09:06:19: Mesh: Loading tickerrightarrow.mesh.
09:06:19: Mesh: Loading tickervermis.mesh.
09:06:19: Mesh: Loading tickermarker.mesh.
09:06:19: Mesh: Loading tickerpending.mesh.
09:06:19: Mesh: Loading tourlocation.mesh.
09:06:19: Mesh: Loading iconvermis.mesh.
09:06:19: Mesh: Loading iconargos.mesh.
09:06:19: Mesh: Loading iconteuthus.mesh.
09:06:19: Mesh: Loading iconorion.mesh.
09:06:19: Mesh: Loading iconmaia.mesh.
09:06:19: Mesh: Loading mu3.mesh.
09:06:19: Mesh: Loading tau3.mesh.
09:06:19: Mesh: Loading psi3.mesh.
09:06:19: Mesh: Loading omega3.mesh.
09:06:19: Mesh: Loading milestonecenter.mesh.
09:06:19: Mesh: Loading submilestone.mesh.
09:06:19: Mesh: Loading etherray.mesh.
09:06:19: Texture: cloud_0.png: Loading 1 faces(PF_A8R8G8B8,894x894x1) with 5 generated mipmaps from Image. Internal format is PF_A8R8G8B8,894x894x1.
09:06:19: Texture: cloud_1.png: Loading 1 faces(PF_A8R8G8B8,894x894x1) with 5 generated mipmaps from Image. Internal format is PF_A8R8G8B8,894x894x1.
09:06:19: Texture: cloud_2.png: Loading 1 faces(PF_A8R8G8B8,894x894x1) with 5 generated mipmaps from Image. Internal format is PF_A8R8G8B8,894x894x1.
09:06:19: Mesh: Loading asteroid0.mesh.
09:06:19: Mesh: Loading asteroid1.mesh.
09:06:20: Mesh: Loading asteroid2.mesh.
09:06:20: Mesh: Loading cloud0.mesh.
09:06:20: Mesh: Loading cloud1.mesh.
09:06:20: Mesh: Loading cloud2.mesh.
09:06:20: Mesh: Loading debris4.mesh.
09:06:20: Mesh: Loading debris0.mesh.
09:06:20: Mesh: Loading debris1.mesh.
09:06:20: Mesh: Loading debris2.mesh.
09:06:20: Mesh: Loading weakpointhit.mesh.
09:06:20: Mesh: Loading debris3.mesh.
09:06:22: Mesh: Loading daimon_VII_1.mesh.
09:06:33: Unregistering ResourceManager for type Font
09:06:33: DefaultWorkQueue('Root') shutting down on thread 678c.
09:06:33: DefaultWorkQueue('Root')::WorkerFunc - thread 6e24 stopped.
09:06:33: DefaultWorkQueue('Root')::WorkerFunc - thread 1494 stopped.
09:06:33: DefaultWorkQueue('Root')::WorkerFunc - thread 53d8 stopped.
09:06:33: DefaultWorkQueue('Root')::WorkerFunc - thread 6cdc stopped.
09:06:33: DefaultWorkQueue('Root')::WorkerFunc - thread 5fe8 stopped.
09:06:33: DefaultWorkQueue('Root')::WorkerFunc - thread 2030 stopped.
09:06:33: DefaultWorkQueue('Root')::WorkerFunc - thread 2658 stopped.
09:06:33: DefaultWorkQueue('Root')::WorkerFunc - thread 5a4c stopped.
09:06:33: DefaultWorkQueue('Root')::WorkerFunc - thread 6ccc stopped.
09:06:33: DefaultWorkQueue('Root')::WorkerFunc - thread 5f8c stopped.
09:06:33: DefaultWorkQueue('Root')::WorkerFunc - thread 3098 stopped.
09:06:33: DefaultWorkQueue('Root')::WorkerFunc - thread 19e0 stopped.
09:06:33: *-*-* OGRE Shutdown
09:06:33: Unregistering ResourceManager for type Compositor
09:06:33: Unregistering ResourceManager for type Skeleton
09:06:33: Unregistering ResourceManager for type Mesh
09:06:33: Unregistering ResourceManager for type HighLevelGpuProgram
09:06:33: D3D9 : Shutting down cleanly.
09:06:33: Unregistering ResourceManager for type Texture
09:06:33: Unregistering ResourceManager for type GpuProgram
09:06:33: D3D9 : Direct3D9 Rendering Subsystem destroyed.
09:06:33: Unregistering ResourceManager for type Material
